<?xml version="1.0" encoding="UTF-8"?>
<testng-results ignored="0" total="2" passed="0" failed="2" skipped="0">
  <reporter-output>
  </reporter-output>
  <suite started-at="2024-05-19T15:07:37 IST" name="Default suite" finished-at="2024-05-19T15:08:06 IST" duration-ms="29076">
    <groups>
      <group name="cucumber">
        <method signature="AbstractTestNGCucumberTests.runScenario(io.cucumber.testng.PickleWrapper,io.cucumber.testng.FeatureWrapper)[pri:0, instance:cucumber.TestNGTestRunner@7c7b252e]" name="runScenario" class="io.cucumber.testng.AbstractTestNGCucumberTests"/>
      </group> <!-- cucumber -->
    </groups>
    <test started-at="2024-05-19T15:07:37 IST" name="Default test" finished-at="2024-05-19T15:08:06 IST" duration-ms="29076">
      <class name="cucumber.TestNGTestRunner">
        <test-method is-config="true" signature="setUpClass(org.testng.ITestContext)[pri:0, instance:cucumber.TestNGTestRunner@7c7b252e]" started-at="2024-05-19T15:07:37 IST" name="setUpClass" finished-at="2024-05-19T15:07:38 IST" duration-ms="446" status="PASS">
          <params>
            <param index="0">
              <value>
                <![CDATA[org.testng.TestRunner@3d299393]]>
              </value>
            </param>
          </params>
          <reporter-output>
          </reporter-output>
        </test-method> <!-- setUpClass -->
        <test-method signature="runScenario(io.cucumber.testng.PickleWrapper,io.cucumber.testng.FeatureWrapper)[pri:0, instance:cucumber.TestNGTestRunner@7c7b252e]" started-at="2024-05-19T15:07:38 IST" name="runScenario" description="Runs Cucumber Scenarios" data-provider="scenarios" finished-at="2024-05-19T15:07:53 IST" duration-ms="15874" status="FAIL">
          <params>
            <param index="0">
              <value>
                <![CDATA["Positive test for completing the order purchase"]]>
              </value>
            </param>
            <param index="1">
              <value>
                <![CDATA["Purchase order execution from eCOmmerce website"]]>
              </value>
            </param>
          </params>
          <exception class="java.lang.AssertionError">
            <full-stacktrace>
              <![CDATA[java.lang.AssertionError: 
at org.testng.AssertJUnit.fail(AssertJUnit.java:65)
at org.testng.AssertJUnit.assertTrue(AssertJUnit.java:23)
at org.testng.AssertJUnit.assertTrue(AssertJUnit.java:33)
at stepDefinitions.stepDefinitionImpl.verify_successMsg_is_displayed(stepDefinitionImpl.java:62)
at ✽.I verify "THANK YOU FOR THE ORDER." is displayed(file:///C:/Users/003OPW744/eclipse-workspace/FrameworkDesign/src/test/java/cucumber/PurchaseOrder.feature:11)
]]>
            </full-stacktrace>
          </exception> <!-- java.lang.AssertionError -->
          <reporter-output>
          </reporter-output>
        </test-method> <!-- runScenario -->
        <test-method signature="runScenario(io.cucumber.testng.PickleWrapper,io.cucumber.testng.FeatureWrapper)[pri:0, instance:cucumber.TestNGTestRunner@7c7b252e]" started-at="2024-05-19T15:07:54 IST" name="runScenario" description="Runs Cucumber Scenarios" data-provider="scenarios" finished-at="2024-05-19T15:08:06 IST" duration-ms="12693" status="FAIL">
          <params>
            <param index="0">
              <value>
                <![CDATA["Positive test for completing the order purchase"]]>
              </value>
            </param>
            <param index="1">
              <value>
                <![CDATA["Purchase order execution from eCOmmerce website"]]>
              </value>
            </param>
          </params>
          <exception class="java.lang.AssertionError">
            <message>
              <![CDATA[expected [true] but found [false]]]>
            </message>
            <full-stacktrace>
              <![CDATA[java.lang.AssertionError: expected [true] but found [false]
at org.testng.Assert.fail(Assert.java:99)
at org.testng.Assert.failNotEquals(Assert.java:1037)
at org.testng.Assert.assertTrue(Assert.java:45)
at org.testng.Assert.assertTrue(Assert.java:55)
at stepDefinitions.stepDefinitionImpl.submit_the_order_for_product(stepDefinitionImpl.java:52)
at ✽.submit the order for ADIDAS ORIGINAL(file:///C:/Users/003OPW744/eclipse-workspace/FrameworkDesign/src/test/java/cucumber/PurchaseOrder.feature:10)
]]>
            </full-stacktrace>
          </exception> <!-- java.lang.AssertionError -->
          <reporter-output>
          </reporter-output>
        </test-method> <!-- runScenario -->
        <test-method is-config="true" signature="tearDownClass()[pri:0, instance:cucumber.TestNGTestRunner@7c7b252e]" started-at="2024-05-19T15:08:06 IST" name="tearDownClass" finished-at="2024-05-19T15:08:06 IST" duration-ms="20" status="PASS">
          <reporter-output>
          </reporter-output>
        </test-method> <!-- tearDownClass -->
      </class> <!-- cucumber.TestNGTestRunner -->
    </test> <!-- Default test -->
  </suite> <!-- Default suite -->
</testng-results>
