<html>
<head>
<title>TestNG:  Default test</title>
<link href="../testng.css" rel="stylesheet" type="text/css" />
<link href="../my-testng.css" rel="stylesheet" type="text/css" />

<style type="text/css">
.log { display: none;} 
.stack-trace { display: none;} 
</style>
<script type="text/javascript">
<!--
function flip(e) {
  current = e.style.display;
  if (current == 'block') {
    e.style.display = 'none';
    return 0;
  }
  else {
    e.style.display = 'block';
    return 1;
  }
}

function toggleBox(szDivId, elem, msg1, msg2)
{
  var res = -1;  if (document.getElementById) {
    res = flip(document.getElementById(szDivId));
  }
  else if (document.all) {
    // this is the way old msie versions work
    res = flip(document.all[szDivId]);
  }
  if(elem) {
    if(res == 0) elem.innerHTML = msg1; else elem.innerHTML = msg2;
  }

}

function toggleAllBoxes() {
  if (document.getElementsByTagName) {
    d = document.getElementsByTagName('div');
    for (i = 0; i < d.length; i++) {
      if (d[i].className == 'log') {
        flip(d[i]);
      }
    }
  }
}

// -->
</script>

</head>
<body>
<h2 align='center'>Default test</h2><table border='1' align="center">
<tr>
<td>Tests passed/Failed/Skipped:</td><td>0/2/0</td>
</tr><tr>
<td>Started on:</td><td>Sun May 19 15:07:37 IST 2024</td>
</tr>
<tr><td>Total time:</td><td>29 seconds (29076 ms)</td>
</tr><tr>
<td>Included groups:</td><td></td>
</tr><tr>
<td>Excluded groups:</td><td></td>
</tr>
</table><p/>
<small><i>(Hover the method name to see the test class name)</i></small><p/>
<table width='100%' border='1' class='invocation-failed'>
<tr><td colspan='4' align='center'><b>FAILED TESTS</b></td></tr>
<tr><td><b>Test method</b></td>
<td width="30%"><b>Exception</b></td>
<td width="10%"><b>Time (seconds)</b></td>
<td><b>Instance</b></td>
</tr>
<tr>
<td title='cucumber.TestNGTestRunner.runScenario()'><b>runScenario</b><br>Test class: cucumber.TestNGTestRunner<br>Test method: Runs Cucumber Scenarios<br>Parameters: "Positive test for completing the order purchase", "Purchase order execution from eCOmmerce website"</td>
<td><div><pre>java.lang.AssertionError: expected [true] but found [false]
	at org.testng.Assert.fail(Assert.java:99)
	at org.testng.Assert.failNotEquals(Assert.java:1037)
	at org.testng.Assert.assertTrue(Assert.java:45)
	at org.testng.Assert.assertTrue(Assert.java:55)
	at stepDefinitions.stepDefinitionImpl.submit_the_order_for_product(stepDefinitionImpl.java:52)
	at ✽.submit the order for ADIDAS ORIGINAL(file:///C:/Users/003OPW744/eclipse-workspace/FrameworkDesign/src/test/java/cucumber/PurchaseOrder.feature:10)
</pre></div><a href='#' onClick='toggleBox("stack-trace486715174", this, "Click to show all stack frames", "Click to hide stack frames")'>Click to show all stack frames</a>
<div class='stack-trace' id='stack-trace486715174'><pre>java.lang.AssertionError: expected [true] but found [false]
	at org.testng.Assert.fail(Assert.java:99)
	at org.testng.Assert.failNotEquals(Assert.java:1037)
	at org.testng.Assert.assertTrue(Assert.java:45)
	at org.testng.Assert.assertTrue(Assert.java:55)
	at stepDefinitions.stepDefinitionImpl.submit_the_order_for_product(stepDefinitionImpl.java:52)
	at ✽.submit the order for ADIDAS ORIGINAL(file:///C:/Users/003OPW744/eclipse-workspace/FrameworkDesign/src/test/java/cucumber/PurchaseOrder.feature:10)
</pre></div></td>
<td>12</td>
<td>cucumber.TestNGTestRunner@7c7b252e</td></tr>
<tr>
<td title='cucumber.TestNGTestRunner.runScenario()'><b>runScenario</b><br>Test class: cucumber.TestNGTestRunner<br>Test method: Runs Cucumber Scenarios<br>Parameters: "Positive test for completing the order purchase", "Purchase order execution from eCOmmerce website"</td>
<td><div><pre>java.lang.AssertionError: 
	at org.testng.AssertJUnit.fail(AssertJUnit.java:65)
	at org.testng.AssertJUnit.assertTrue(AssertJUnit.java:23)
	at org.testng.AssertJUnit.assertTrue(AssertJUnit.java:33)
	at stepDefinitions.stepDefinitionImpl.verify_successMsg_is_displayed(stepDefinitionImpl.java:62)
	at ✽.I verify &quot;THANK YOU FOR THE ORDER.&quot; is displayed(file:///C:/Users/003OPW744/eclipse-workspace/FrameworkDesign/src/test/java/cucumber/PurchaseOrder.feature:11)
</pre></div><a href='#' onClick='toggleBox("stack-trace307036850", this, "Click to show all stack frames", "Click to hide stack frames")'>Click to show all stack frames</a>
<div class='stack-trace' id='stack-trace307036850'><pre>java.lang.AssertionError: 
	at org.testng.AssertJUnit.fail(AssertJUnit.java:65)
	at org.testng.AssertJUnit.assertTrue(AssertJUnit.java:23)
	at org.testng.AssertJUnit.assertTrue(AssertJUnit.java:33)
	at stepDefinitions.stepDefinitionImpl.verify_successMsg_is_displayed(stepDefinitionImpl.java:62)
	at ✽.I verify &quot;THANK YOU FOR THE ORDER.&quot; is displayed(file:///C:/Users/003OPW744/eclipse-workspace/FrameworkDesign/src/test/java/cucumber/PurchaseOrder.feature:11)
</pre></div></td>
<td>15</td>
<td>cucumber.TestNGTestRunner@7c7b252e</td></tr>
</table><p>
</body>
</html>